<?xml version="1.0" encoding="UTF-8" ?>
<testsuite failures="0" time="0.125" errors="0" skipped="0" tests="20" name="TestLands">
  <properties>
[...]
</properties>
  <testcase time="0.015" classname="TestLands" name="player_will_cost_200_for_upGrade_its_land_in_3"/>
  <testcase time="0" classname="TestLands" name="should_the_price_of_bareLand_in_6_is_200"/>
  <testcase time="0" classname="TestLands" name="should_the_price_of_bareLand_in_34_is_500"/>
  <testcase time="0.016" classname="TestLands" name="player_can_upgrade_its_House_to_skyscraper"/>
  <testcase time="0" classname="TestLands" name="player_can_not_upgrade_when_the_land_is_a_skyscraper"/>
  <testcase time="0" classname="TestLands" name="player_can_not_upgrade_when_money_is_not_enough"/>
  <testcase time="0" classname="TestLands" name="player_receive_400_buy_selling_bareLands_in_3"/>
  <testcase time="0" classname="TestLands" name="player_receive_800_buy_selling_cottage_in_3"/>
  <testcase time="0.016" classname="TestLands" name="player_receive_1200_buy_selling_house_in_3"/>
  <testcase time="0" classname="TestLands" name="player_receive_1600_buy_selling_house_in_3"/>
  <testcase time="0" classname="TestLands" name="cottage_would_be_bareLand_after_selling"/>
  <testcase time="0" classname="TestLands" name="house_would_be_bareLand_after_selling"/>
  <testcase time="0.015" classname="TestLands" name="skyscraper_would_be_bareLand_after_selling"/>
  <testcase time="0" classname="TestLands" name="player_can_buy_bareLand_2_when_it_is_not_sold"/>
  <testcase time="0" classname="TestLands" name="should_the_price_of_bareLand_in_40_is_300"/>
  <testcase time="0" classname="TestLands" name="land_will_be_red_if_it_is_bought_by_player1"/>
  <testcase time="0" classname="TestLands" name="player_will_cost_500_for_upGrade_its_land_in_30"/>
  <testcase time="0" classname="TestLands" name="player_will_cost_300_for_upGrade_its_land_in_40"/>
  <testcase time="0" classname="TestLands" name="player_can_upgrade_its_land_to_cottage"/>
  <testcase time="0" classname="TestLands" name="player_can_upgrade_its_cottage_to_House"/>
</testsuite>