<?xml version="1.0" encoding="UTF-8" ?>
<testsuite failures="0" time="0.078" errors="0" skipped="0" tests="10" name="TestPlayersPassing">
  <properties>
[...]
</properties>
  <testcase time="0.016" classname="TestPlayersPassing" name="should_owner_of_land_3_will_receive_800_if_other_player_passing_a_skyscraper"/>
  <testcase time="0.031" classname="TestPlayersPassing" name="should_players_pay_for_100_when_passing_a_bareLand_of_others_in_3"/>
  <testcase time="0" classname="TestPlayersPassing" name="should_not_pay_passingFee_when_player_has_mascot_and_passing_bareland_of_others_in_40"/>
  <testcase time="0.016" classname="TestPlayersPassing" name="should_owner_of_land_3_will_receive_100_if_other_player_passing_in_3"/>
  <testcase time="0" classname="TestPlayersPassing" name="should_players_pay_for_200_when_passing_a_cottage_of_others_in_3"/>
  <testcase time="0" classname="TestPlayersPassing" name="should_owner_of_land_3_will_receive_200_if_other_player_passing_a_cottage"/>
  <testcase time="0" classname="TestPlayersPassing" name="should_players_pay_for_400_when_passing_a_House_of_others_in_3"/>
  <testcase time="0.015" classname="TestPlayersPassing" name="should_owner_of_land_3_will_receive_400_if_other_player_passing_a_House"/>
  <testcase time="0" classname="TestPlayersPassing" name="should_players_pay_for_800_when_passing_a_cottage_of_others_in_3"/>
  <testcase time="0" classname="TestPlayersPassing" name="should_not_pay_passingFee_when_owner_is_in_hospital_3"/>
</testsuite>