<?xml version="1.0" encoding="UTF-8" ?>
<testsuite failures="0" time="0.031" errors="0" skipped="0" tests="16" name="TestPlayer">
  <properties>
[...]
</properties>
  <testcase time="0" classname="TestPlayer" name="should_not_set_bomb_when_targetIndex_is_out_of_range"/>
  <testcase time="0" classname="TestPlayer" name="should_forward_by_n_when_rolling_for_n"/>
  <testcase time="0" classname="TestPlayer" name="should_forward_by_k_when_there_is_a_block_after_k_step"/>
  <testcase time="0" classname="TestPlayer" name="should_not_set_block_when_targetIndex_is_out_of_range"/>
  <testcase time="0" classname="TestPlayer" name="should_checkout_a_bomb_when_there_is_a_bomb"/>
  <testcase time="0.016" classname="TestPlayer" name="should_checkout_a_block_when_there_is_a_block"/>
  <testcase time="0" classname="TestPlayer" name="should_be_in_hospital_when_there_is_bomb_in_the_way"/>
  <testcase time="0" classname="TestPlayer" name="should_not_forward_again_when_in_hospital"/>
  <testcase time="0" classname="TestPlayer" name="should_not_forward_for_2_times_when_in_hospital"/>
  <testcase time="0" classname="TestPlayer" name="should_not_forward_for_3_times_when_in_hospital"/>
  <testcase time="0" classname="TestPlayer" name="should_not_forward_for_2_times_in_prison"/>
  <testcase time="0.015" classname="TestPlayer" name="should_be_in_destIndex_when_player_has_a_robot_when_there_is_a_bomb_within_10_steps"/>
  <testcase time="0" classname="TestPlayer" name="should_be_in_destIndex_when_player_has_a_block_when_there_is_a_block_within_10_steps"/>
  <testcase time="0" classname="TestPlayer" name="should_be_in_the_destIndex_when_there_is_bomb_and_block_in_the_way_but_player_has_robot"/>
  <testcase time="0" classname="TestPlayer" name="players_should_get_2000_when_choose_a_moneyCard_at_a_gift_house"/>
  <testcase time="0" classname="TestPlayer" name="players_should_get_200_point_when_choose_a_pointCard_at_a_gift_house"/>
</testsuite>